[debug] [2022-11-06T21:41:48.913Z] ----------------------------------------------------------------------
[debug] [2022-11-06T21:41:48.914Z] Command:       C:\nodejs\node.exe C:\Users\matok.kinga\AppData\Roaming\npm\node_modules\firebase-tools\lib\bin\firebase.js init
[debug] [2022-11-06T21:41:48.914Z] CLI Version:   10.9.2
[debug] [2022-11-06T21:41:48.914Z] Platform:      win32
[debug] [2022-11-06T21:41:48.914Z] Node Version:  v14.17.3
[debug] [2022-11-06T21:41:48.915Z] Time:          Sun Nov 06 2022 22:41:48 GMT+0100 (Central European Standard Time)
[debug] [2022-11-06T21:41:48.915Z] ----------------------------------------------------------------------
[debug] 
[debug] [2022-11-06T21:41:48.919Z] > command requires scopes: ["email","openid","https://www.googleapis.com/auth/cloudplatformprojects.readonly","https://www.googleapis.com/auth/firebase","https://www.googleapis.com/auth/cloud-platform"]
[debug] [2022-11-06T21:41:48.919Z] > authorizing via signed-in user (kingamatok@gmail.com)
[info] 
     ######## #### ########  ######## ########     ###     ######  ########
     ##        ##  ##     ## ##       ##     ##  ##   ##  ##       ##
     ######    ##  ########  ######   ########  #########  ######  ######
     ##        ##  ##    ##  ##       ##     ## ##     ##       ## ##
     ##       #### ##     ## ######## ########  ##     ##  ######  ########

You're about to initialize a Firebase project in this directory:

  C:\Users\matok.kinga\p-repo\portfolio

[info] 
=== Project Setup
[info] 
[info] First, let's associate this project directory with a Firebase project.
[info] You can create multiple project aliases by running firebase use --add, 
[info] but for now we'll just set up a default project.
[info] 
[debug] [2022-11-06T21:43:33.980Z] >>> [apiv2][query] GET https://firebase.googleapis.com/v1beta1/projects pageSize=100
[debug] [2022-11-06T21:43:34.463Z] <<< [apiv2][status] GET https://firebase.googleapis.com/v1beta1/projects 200
[debug] [2022-11-06T21:43:34.464Z] <<< [apiv2][body] GET https://firebase.googleapis.com/v1beta1/projects [omitted]
[info] i  Using project portfolio-fb75a (Portfolio) 
[info] 
=== Hosting Setup
[info] 
[info] Your public directory is the folder (relative to your project directory) that
[info] will contain Hosting assets to be uploaded with firebase deploy. If you
[info] have a build process for your assets, use your build's output directory.
[info] 
[debug] [2022-11-06T21:43:53.337Z] >>> [apiv2][query] GET https://www.gstatic.com/firebasejs/releases.json [none]
[debug] [2022-11-06T21:43:53.454Z] <<< [apiv2][status] GET https://www.gstatic.com/firebasejs/releases.json 200
[debug] [2022-11-06T21:43:53.454Z] <<< [apiv2][body] GET https://www.gstatic.com/firebasejs/releases.json {"current":{"version":"9.13.0","browserURL":"https://www.gstatic.com/firebasejs/9.13.0/firebase.js","packageURL":"https://www.gstatic.com/firebasejs/9.13.0/firebase.tgz"},"live":{"version":"9.13","browserURL":"https://www.gstatic.com/firebasejs/live/9.13/firebase.js","packageURL":"https://www.gstatic.com/firebasejs/live/9.13/firebase.tgz"},"components":{"analytics":"https://www.gstatic.com/firebasejs/9.13.0/firebase-analytics.js","app":"https://www.gstatic.com/firebasejs/9.13.0/firebase-app.js","app-check":"https://www.gstatic.com/firebasejs/9.13.0/firebase-app-check.js","auth":"https://www.gstatic.com/firebasejs/9.13.0/firebase-auth.js","auth/cordova":"https://www.gstatic.com/firebasejs/9.13.0/firebase-auth/cordova.js","auth/react-native":"https://www.gstatic.com/firebasejs/9.13.0/firebase-auth/react-native.js","functions":"https://www.gstatic.com/firebasejs/9.13.0/firebase-functions.js","firestore":"https://www.gstatic.com/firebasejs/9.13.0/firebase-firestore.js","firestore/lite":"https://www.gstatic.com/firebasejs/9.13.0/firebase-firestore/lite.js","installations":"https://www.gstatic.com/firebasejs/9.13.0/firebase-installations.js","storage":"https://www.gstatic.com/firebasejs/9.13.0/firebase-storage.js","performance":"https://www.gstatic.com/firebasejs/9.13.0/firebase-performance.js","remote-config":"https://www.gstatic.com/firebasejs/9.13.0/firebase-remote-config.js","messaging":"https://www.gstatic.com/firebasejs/9.13.0/firebase-messaging.js","messaging/sw":"https://www.gstatic.com/firebasejs/9.13.0/firebase-messaging/sw.js","database":"https://www.gstatic.com/firebasejs/9.13.0/firebase-database.js","firestore.memory":"https://www.gstatic.com/firebasejs/9.13.0/firebase-firestore.memory.js"}}
[info] +  Wrote public/index.html 
[info] 
[info] i  Detected a .git folder at C:\Users\matok.kinga\p-repo\portfolio 
[info] i  Authorizing with GitHub to upload your service account to a GitHub repository's secrets store. 
[info] 
[info] Visit this URL on this device to log in:
[info] https://github.com/login/oauth/authorize?client_id=89cf50f02ac6aaed3484&state=369432793&redirect_uri=http%3A%2F%2Flocalhost%3A9005&scope=read%3Auser%20repo%20public_repo
[info] 
[info] Waiting for authentication...
[debug] [2022-11-06T21:45:44.008Z] >>> HTTP REQUEST POST https://github.com/login/oauth/access_token  
 {"client_id":"89cf50f02ac6aaed3484","client_secret":"3330d14abc895d9a74d5f17cd7a00711fa2c5bf0","code":"b0c2ae48191ff01bb2e3","redirect_uri":"http://localhost:9005","state":"369432793"}
[debug] [2022-11-06T21:45:44.306Z] <<< HTTP RESPONSE 200 {"server":"GitHub.com","date":"Sun, 06 Nov 2022 21:45:44 GMT","content-type":"application/json; charset=utf-8","transfer-encoding":"chunked","vary":"X-PJAX, X-PJAX-Container, Turbo-Visit, Turbo-Frame, Accept-Encoding, Accept, X-Requested-With","etag":"W/\"29033775627d675898389dd1d4e95d4f\"","cache-control":"max-age=0, private, must-revalidate","strict-transport-security":"max-age=31536000; includeSubdomains; preload","x-frame-options":"deny","x-content-type-options":"nosniff","x-xss-protection":"0","referrer-policy":"origin-when-cross-origin, strict-origin-when-cross-origin","content-security-policy":"default-src 'none'; base-uri 'self'; block-all-mixed-content; child-src github.com/assets-cdn/worker/ gist.github.com/assets-cdn/worker/; connect-src 'self' uploads.github.com objects-origin.githubusercontent.com www.githubstatus.com collector.github.com raw.githubusercontent.com api.github.com github-cloud.s3.amazonaws.com github-production-repository-file-5c1aeb.s3.amazonaws.com github-production-upload-manifest-file-7fdce7.s3.amazonaws.com github-production-user-asset-6210df.s3.amazonaws.com cdn.optimizely.com logx.optimizely.com/v1/events *.actions.githubusercontent.com wss://*.actions.githubusercontent.com online.visualstudio.com/api/v1/locations github-production-repository-image-32fea6.s3.amazonaws.com github-production-release-asset-2e65be.s3.amazonaws.com insights.github.com wss://alive.github.com; font-src github.githubassets.com; form-action 'self' github.com gist.github.com objects-origin.githubusercontent.com; frame-ancestors 'none'; frame-src viewscreen.githubusercontent.com notebooks.githubusercontent.com; img-src 'self' data: github.githubassets.com media.githubusercontent.com camo.githubusercontent.com identicons.github.com avatars.githubusercontent.com github-cloud.s3.amazonaws.com objects.githubusercontent.com objects-origin.githubusercontent.com secured-user-images.githubusercontent.com/ opengraph.githubassets.com github-production-user-asset-6210df.s3.amazonaws.com customer-stories-feed.github.com spotlights-feed.github.com *.githubusercontent.com; manifest-src 'self'; media-src github.com user-images.githubusercontent.com/ secured-user-images.githubusercontent.com/; script-src github.githubassets.com; style-src 'unsafe-inline' github.githubassets.com; worker-src github.com/assets-cdn/worker/ gist.github.com/assets-cdn/worker/","x-github-request-id":"76F5:F483:BE395D5:C360C01:63682B08"}
[debug] [2022-11-06T21:45:44.312Z] >>> [apiv2][query] GET https://api.github.com/user [none]
[debug] [2022-11-06T21:45:44.778Z] <<< [apiv2][status] GET https://api.github.com/user 200
[debug] [2022-11-06T21:45:44.778Z] <<< [apiv2][body] GET https://api.github.com/user {"login":"kinmat","id":44319907,"node_id":"MDQ6VXNlcjQ0MzE5OTA3","avatar_url":"https://avatars.githubusercontent.com/u/44319907?v=4","gravatar_id":"","url":"https://api.github.com/users/kinmat","html_url":"https://github.com/kinmat","followers_url":"https://api.github.com/users/kinmat/followers","following_url":"https://api.github.com/users/kinmat/following{/other_user}","gists_url":"https://api.github.com/users/kinmat/gists{/gist_id}","starred_url":"https://api.github.com/users/kinmat/starred{/owner}{/repo}","subscriptions_url":"https://api.github.com/users/kinmat/subscriptions","organizations_url":"https://api.github.com/users/kinmat/orgs","repos_url":"https://api.github.com/users/kinmat/repos","events_url":"https://api.github.com/users/kinmat/events{/privacy}","received_events_url":"https://api.github.com/users/kinmat/received_events","type":"User","site_admin":false,"name":null,"company":null,"blog":"","location":null,"email":null,"hireable":null,"bio":null,"twitter_username":null,"public_repos":9,"public_gists":0,"followers":0,"following":1,"created_at":"2018-10-20T13:47:44Z","updated_at":"2022-10-11T17:35:47Z","private_gists":0,"total_private_repos":0,"owned_private_repos":0,"disk_usage":112152,"collaborators":0,"two_factor_authentication":false,"plan":{"name":"free","space":976562499,"collaborators":0,"private_repos":10000}}
[info] 
[info] +  Success! Logged into GitHub as kinmat 
[info] 
[debug] [2022-11-06T21:46:06.677Z] >>> [apiv2][query] GET https://api.github.com/repos/kinmat/portfolio/actions/secrets/public-key type=owner
[debug] [2022-11-06T21:46:07.271Z] <<< [apiv2][status] GET https://api.github.com/repos/kinmat/portfolio/actions/secrets/public-key 404
[debug] [2022-11-06T21:46:07.272Z] <<< [apiv2][body] GET https://api.github.com/repos/kinmat/portfolio/actions/secrets/public-key {"message":"Not Found","documentation_url":"https://docs.github.com/rest/reference/actions#get-a-repository-public-key"}
[debug] [2022-11-06T21:47:33.002Z] >>> [apiv2][query] GET https://api.github.com/repos/kinmat/portfolio/actions/secrets/public-key type=owner
[debug] [2022-11-06T21:47:33.239Z] <<< [apiv2][status] GET https://api.github.com/repos/kinmat/portfolio/actions/secrets/public-key 404
[debug] [2022-11-06T21:47:33.239Z] <<< [apiv2][body] GET https://api.github.com/repos/kinmat/portfolio/actions/secrets/public-key {"message":"Not Found","documentation_url":"https://docs.github.com/rest/reference/actions#get-a-repository-public-key"}
[debug] [2022-11-06T21:47:33.680Z] >>> [apiv2][query] GET https://api.github.com/repos/kinmat/portfolio/actions/secrets/public-key type=owner
[debug] [2022-11-06T21:47:33.911Z] <<< [apiv2][status] GET https://api.github.com/repos/kinmat/portfolio/actions/secrets/public-key 404
[debug] [2022-11-06T21:47:33.911Z] <<< [apiv2][body] GET https://api.github.com/repos/kinmat/portfolio/actions/secrets/public-key {"message":"Not Found","documentation_url":"https://docs.github.com/rest/reference/actions#get-a-repository-public-key"}
[debug] [2022-11-06T21:47:34.053Z] >>> [apiv2][query] GET https://api.github.com/repos/kinmat/portfolio/actions/secrets/public-key type=owner
[debug] [2022-11-06T21:47:34.270Z] >>> [apiv2][query] GET https://api.github.com/repos//actions/secrets/public-key type=owner
[debug] [2022-11-06T21:47:34.279Z] <<< [apiv2][status] GET https://api.github.com/repos/kinmat/portfolio/actions/secrets/public-key 404
[debug] [2022-11-06T21:47:34.279Z] <<< [apiv2][body] GET https://api.github.com/repos/kinmat/portfolio/actions/secrets/public-key {"message":"Not Found","documentation_url":"https://docs.github.com/rest/reference/actions#get-a-repository-public-key"}
[debug] [2022-11-06T21:47:34.489Z] <<< [apiv2][status] GET https://api.github.com/repos//actions/secrets/public-key 404
[debug] [2022-11-06T21:47:34.490Z] <<< [apiv2][body] GET https://api.github.com/repos//actions/secrets/public-key {"message":"Not Found","documentation_url":"https://docs.github.com/rest"}
